[2023-03-25T14:12:52.827] [INFO] info - POST /api/user/login - 54ms
[2023-03-25T14:12:55.205] [INFO] info - POST /api/user/updateUser - 12ms
[2023-03-25T14:12:58.368] [INFO] info - GET /api/goods/getAllGoodList?page=1&count=7 - 124ms
[2023-03-25T14:13:00.265] [INFO] info - GET /api/goods/getAllGoodList?page=2&count=7 - 13ms
[2023-03-25T14:13:01.148] [INFO] info - GET /api/goods/getAllGoodList?page=3&count=7 - 13ms
[2023-03-25T14:14:21.562] [INFO] info - GET /api/goods/getAllGoodList?page=1&count=7 - 18ms
[2023-03-25T14:15:08.030] [INFO] info - GET /api/goods/getAllGoodList?page=1&count=7 - 27ms
[2023-03-25T14:15:08.987] [INFO] info - GET /api/goods/getAllGoodList?page=1&count=7 - 42ms
[2023-03-25T14:15:41.821] [INFO] info - GET /api/goods/getAllGoodList?page=1&count=7 - 20ms
[2023-03-25T14:16:01.614] [INFO] info - GET /api/goods/getAllGoodList?page=1&count=7 - 34ms
[2023-03-25T15:03:31.064] [INFO] info - GET /api/goods/getAllGoodList?page=2&count=7 - 30ms
[2023-03-25T15:11:28.286] [INFO] info - GET /api/goods/getAllGoodList?page=1&count=7 - 23ms
[2023-03-26T14:27:59.083] [INFO] info - POST /api/uploadFile/image - 468ms
[2023-03-26T14:38:50.430] [INFO] info - POST /api/uploadFile/image - 400ms
[2023-03-26T14:44:47.762] [INFO] info - POST /api/uploadFile/image - 479ms
[2023-03-26T14:52:09.690] [INFO] info - POST /api/uploadFile/image - 425ms
[2023-03-26T14:53:40.074] [INFO] info - POST /api/uploadFile/image - 138ms
[2023-03-26T14:54:31.063] [INFO] info - POST /api/uploadFile/image - 416ms
[2023-03-26T14:54:35.921] [INFO] info - POST /api/uploadFile/image - 114ms
[2023-03-26T14:55:26.835] [INFO] info - POST /api/uploadFile/image - 413ms
[2023-03-26T14:55:36.665] [INFO] info - POST /api/uploadFile/image - 120ms
[2023-03-26T14:56:04.704] [INFO] info - POST /api/uploadFile/image - 190ms
[2023-03-26T14:59:44.457] [INFO] info - POST /api/uploadFile/image - 135ms
[2023-03-26T15:04:08.514] [INFO] info - POST /api/uploadFile/image - 388ms
[2023-03-26T15:23:50.267] [INFO] info - POST /api/uploadFile/image - 383ms
[2023-03-26T15:28:09.674] [INFO] info - POST /api/uploadFile/image - 401ms
[2023-03-26T15:30:44.189] [INFO] info - POST /api/uploadFile/image - 390ms
[2023-03-26T15:32:34.564] [INFO] info - POST /api/uploadFile/image - 388ms
[2023-03-26T15:36:14.296] [INFO] info - POST /api/uploadFile/image - 379ms
[2023-03-26T15:38:34.828] [INFO] info - POST /api/uploadFile/image - 392ms
[2023-03-26T15:47:30.865] [INFO] info - POST /api/uploadFile/image - 385ms
[2023-03-26T16:25:00.256] [INFO] info - POST /api/uploadFile/image - 139ms
[2023-03-26T16:29:12.006] [INFO] info - POST /api/uploadFile/image - 399ms
[2023-03-26T16:30:43.113] [INFO] info - POST /api/uploadFile/image - 386ms
[2023-03-26T16:31:09.890] [INFO] info - POST /api/uploadFile/image - 128ms
[2023-03-26T16:33:23.908] [INFO] info - POST /api/uploadFile/image - 127ms
[2023-03-26T16:33:54.844] [INFO] info - POST /api/uploadFile/image - 132ms
[2023-03-26T16:35:07.496] [INFO] info - POST /api/uploadFile/image - 387ms
[2023-03-26T16:35:29.633] [INFO] info - POST /api/uploadFile/image - 132ms
[2023-03-26T16:37:51.064] [INFO] info - POST /api/uploadFile/image - 350ms
[2023-03-26T16:38:28.957] [INFO] info - POST /api/uploadFile/image - 387ms
[2023-03-26T16:40:00.397] [INFO] info - POST /api/uploadFile/image - 127ms
[2023-03-26T16:46:06.546] [INFO] info - POST /api/uploadFile/image - 397ms
[2023-03-26T16:46:59.164] [INFO] info - POST /api/uploadFile/image - 376ms
[2023-03-26T16:47:49.871] [INFO] info - POST /api/uploadFile/image - 437ms
[2023-03-26T16:48:24.695] [INFO] info - POST /api/uploadFile/image - 199ms
[2023-03-26T16:51:00.760] [INFO] info - POST /api/uploadFile/image - 117ms
[2023-03-26T16:52:52.626] [INFO] info - POST /api/uploadFile/image - 392ms
[2023-03-26T16:53:52.805] [INFO] info - POST /api/user/login - 28ms
[2023-03-26T16:53:55.164] [INFO] info - POST /api/user/updateUser - 7ms
[2023-03-26T16:53:56.284] [INFO] info - GET /api/goods/getAllGoodList?page=2&count=7 - 23ms
[2023-03-26T16:53:58.074] [INFO] info - GET /api/goods/getAllGoodList?page=1&count=7 - 25ms
[2023-03-26T16:53:59.370] [INFO] info - GET /api/goods/getAllGoodList?page=2&count=7 - 30ms
[2023-03-26T16:54:00.417] [INFO] info - GET /api/category/getAllTypeGoods - 24ms
[2023-03-26T16:54:07.542] [INFO] info - GET /api/goods/getGoodDetails?id=77 - 11ms
[2023-03-26T16:54:10.017] [INFO] info - POST /api/collect/changeStar - 109ms
[2023-03-26T16:54:11.661] [INFO] info - POST /api/collect/changeStar - 36ms
[2023-03-26T16:54:22.645] [INFO] info - GET /api/category/getAllTypeGoods - 19ms
